Version: 0.4
Base:
Author: bokuh
Date: 2025-06-08T23:03:13+02:00 NL
Timezone: Europe/Amsterdam

    * Add IANA Time Zones Field to the version log.
    * Changed if-else to match in chitch.php for expressive branching and improved readability.
    * Deleted pre-compression support in favor of compressed in memory caching

Version: 0.3
Base:
Author: bokuh
Date: 2025-06-08T23:03:13+02:00

    * Allign with Github version number.
    * Improved change.log format loosely following `git log` and  https://keepachangelog.com/. Using 'ISO 8061' dates. Reversed (non-appendable) log order. Fields: 'Version, Base, Author, Date' and the changes.
    * Add backup support by archiving 'database/', supported in practice on hosts with FTP.
    * Uploaded releases with binary to Github.
    * rename 'view/' to 'pages/' for easier documentation
    * Added resource.log for tracking external resource usage.

Version: 0.2
Base:
Author: bokuh
Date: 2025-06-13T16:25:39+02:00

Version: 0.1
Base: d8c7829fcc699c4929d354cb5ffb96a1cdaf78ae04ac6cfb58e4a70719f89b5d  chitch-3-7.patch
Author: bokuh
Date: 2025-05-30T15:13:17+02:00

Version: 0.0.3.7
Base: 2545a509baac3a0a6ecb713eec0b11a1a80cb1ba504c15bdf34ecf1595cd4638 chitch-3-6.patch
Author: bokuh
Date: 2025-05-18T12:19:32+02:00

    * rename 'share/' to 'view/' for easier documentation
    * added 'textmarkup()' for '<textarea>' input
    * added 'wrap()' for HTML templating
    * added 'tree()' to simplify HTML tree structure templating + a reference.php test
    * patch conflict needs rebase between snapshots, which can be done with stashing through reverse applying delta.patch.
    * remove symlink for cross-platform compatibility
    * rename 'log/' to 'database/'
    * Put supplementary URL references at end
    * 'view/api/' directory for CLI and curl interaction
    * added capysay.php in mirror of 'cowsay'
    * repurposed 'makefile' to pack.php for cross-platform building, doing full lazy builds
    * added tree.php for text view of filesystem structure, mirroring 'tree'
    * added sandwich.php as way for diffing files
    * added sync.php for listing wether copies are out of sync
    * remove 'set_include_path()' for the hidden state it adds
    * '<header>' above '<main>' since it summarizes
    * updated robots.txt with surfaced files
    * testing inline SVG based chart in traffic.php

Version: 0.0.3.6
Base 1daa0d2b292574f62a30cf0384ca1f01170169d26eedaabbbeae18bf7f3b2758 chitch-3-5.patch
Author: bokuh
Date: 2025-04-28T23:36:50+02:00

    - Surfaced Files from non-functional directories
    - 'license/' include in 'assets/'
    - 'library/' symlink
    - 'getfiles()' exludes symlinks, which can be double
    - 'makefile':
        - added chitch.deb target, includes root filesystem layout
        - Established 4 main targets
        - Moved make targets to static filesystem layout
    - '.htaccess' does module checking
    - CSS nesting syntax fix (&)
    - changed contact messages to use '<details>'
    - moved editor.php internal script to editor.js
    - 'component' rename to 'share'

Version: 0.0.3.5
Base: d51147091392e94ce3c266ad6fa45113c98a5a24016ba54dea48b8641a365204 chitch-3-4.patch
Base: 261a57f1d5cc6ce497cbf03ba73075ca91a5e9d7a8d79f88356f0911b9fc49db  chitch-3-4-full.patch
Author: bokuh
Date: 2025-04-23T15:07:52+02:00

    - HTML template functions, a(), p(), head(), foot()
    - pipe() function for transforms
    - assets & license directory symlinks
    - generic robots.txt disallowing support directories
    - install.php creates 'log/' directory
    - Table of Contents within '<details>' for hidden JS insertion
    - 'template/' directory layer for generated files and building.
    - using pristine.patch for 'source/' and 'pristine/' creation
    - 'source/' includes static symlinks
    - 'plugin/' symlink to global binaries as fallback

Version: 0.0.3.4
Base: 019e215bec219fb751c9982db80b65d6d5700c6f0129a5b0af43144659341126 chitch-3-3.patch
Base: f7e469a0dc71b2840c38c4b81a682cff5056dfc5e32b7ae16836ae5f4a104240  chitch-3-3-full.patch
Author: bokuh
Date: 2025-04-15T15:49:13+02:00

    Hello from a patch file!
    Interestingly the delta diff of chitch-3-3 is bigger in size than the snapshot patch of chitch-3-3, meaning there were more changes than total lines.
    - Using spread(...) operator for more ergonomic input
    - chitch.php, input validation functions for scalar types
    - 'session/' component directory
    - markup 'p()' constructor
    - symlink generation in 'makefile'
    - 'light-dark()' for code.css and more token CSS
    - Replaced shell scripts with 1 'makefile' gaining targeted builds
    - renames for more accuracy

Version: 0.0.3.3
Base: 030c0d9a2835a09970af77823517b2a3773641e0bc5306fd82347364b8598939 chitch-3-2.patch
Base: b903a0d7d780d0f6ba673999408f0e7df01b71d7f206c599d1fc2e2204e66847  chitch-3-2-full.patch
Author: bokuh <bokuh@chitch.org>
Date: 2025-04-07

    - Changed Contributors copyright to Maintainers.
    - Optimized build.sh to the point where it is almost a linear makefile.
    - Uses brotli compression (a streaming output, which complements density) for compression static files on the server.
    - Better integration of the custom patch files with Git
    - Overhauled change.log format
    - Cleaned up a lot of dangling lines and committed to 1 approach
    - removed monitor(), to offload to the server
    - Updated authorize() to align with login.php
    - Streamlined install.php procedure
    - 'assets/' now holds individual symlinks
    - null checks in ensue.js
    - input handling and the input fields are now near, with fields having server-side input memory
    - Added Firacode as monospace font in code.css
    - Capy renamed to Chitchi
    - Added Progressive Web App files
    - Added assets.php to list available assets
    - update.php was split into disk.php
    - reference.php covers all chitch.php functions

Version: 0.0.3.2
Base: 92ce3f2ea9f1278163dd07b93225c85148e4c24d1f603735fb1a6b4b4d6645a4 chitch-3-1.patch
Author: bokuh
Date: 2025-04-01

    - Removed most symlinks, moved '.git/', '.vscode/', '/.github' above 'source/', they are used for Github and Codespace setup. Codespace setup is added for developer accesiblity.
    - Copyright notice is added before license notices, as 'Chitch © its Contributors 2025'
    - shell scripts were streamlined into build.sh, test.sh. run.sh.
    - build.sh prepares the filesystem and packages Chitch for defined targets in parallel.
    - With build.sh we can have a clean default filesystem of 'source/', 'assets/' and license.txt.
    - Renamed library.php to chitch.php like its namespace and to allow other library files.
    - 'read()' allows for entry cutoff to control for size.
    - a bunch of formatting
    - modularized 'public/' into directories of 'traffic', 'blog' and 'tools'.
    - Configured automatic brotli decompression on client.
    - trying inline form input handling
    - removed login in contact.php.
    - Added guestbook.php for some fun
    - 'mail()' requires 'From:' and '-f'.
    - 'light-dark()' CSS color scheme
    - Capy(bara) happened
    - Added Fira Code as mono font, for ligatures and variable weight.
    - Added editor.php to edit code via HTTP
    - Added logs.php to inspect and overwrite dynamically created log files.
    - Added lookup.php for an overview of the functions and constants in the PHP binary.
    - a code line can be targeted with # in the URL in patch.php
    - Self Extracting Archive was removed for its complexity
    - test.sh reports the status codes of GET requests.

Commit: 0.0.3.1
Base: 0c1388e904bf2636062aa599da541b46dd8d3e55c613620306c32514d09ac882 chitch-3.patch
Author: bokuh
Date: 2025-03-21

    * Changed patch.log to be under version control. It keeps an human summary of past patches and its hashes and can be appended to for the current patch, which is then included in the patch file at the top.
    * Git repo is symlinked for compatibility with this version system.
    * Split start.sh into build.sh and run.sh. built script mainly packages a subset of files for multiple targets. One target is a Self Extracting Archive with stub.sh, which is useful for contained local testing. Another target is a shared host with PHP installed. With the tar --dereference option once can control wether the package is independent. build.sh has quality tests beforehand and a version control step afterwards. This version control step replaces update.php which calls git inside. We lose the interesting way in update.php where we use an array for operating on lines and appending to it from a command, but perhaps it is better done in the shell.
    * Changed the generated patch files to be read-only.
    * Added differ.php to view patch files. differ.php filters deleted files lines and has more color group filters.
    * Split help.txt into server/help.txt for installation steps and context.txt for programmers and Indexing.
    * Added symlink to the parent version within version control and for easy patch creation.
    * Added review.sh as an first automated review tool.
    * Changed run.sh to always runs from its residing directory.
    * Changed .htaccess to ensures all php files gain HTTPS, in order to have safe interaction.
    * Added URL shortcuts by appending '?shortcut' to the root /. This lets Apache handle it efficiently and allows the root page to be static HTML.
    * Changed install.php, which creates a key file upon its first visit which can viewed only be the host.
    * Changed library.php read and write function to now defined as minimal HTML text stream with commit markes, which can be concurrently read and write appended to.
    * Renamed public/ to html/ for Apache /var/www compatibility.
    * Added tree() for reverse breadth first HTML creation.
    * Changed similarity index to 1% (must indicate the orthogonality and uniqueness of the files!)

Version: 0.0.3
Base: 306c6a687b1e9051a787ef49713bdbda08b816daf792c5b548b88a89f84ec179 chitch-2-1.patch
Author: bokuh
Date: 2025-03-08

    * Surfaced 'source' directory.
    * Added .gitignore for binary and data.
    * Added access block above public directory.
    * Moved install.php in 'public/'.
    * Added php.ini setting.
    * Added help.txt next to '.sh' and '.bat' scripts.
    * Added concurrent file access method with read and write functions in library.php. Write is append-only and exlusively locked unless under 4 KiB. Read is never locked but relies on markers to indicate the stable part. Thus reading is never locked and writing is locked when needed on a per file basis. Also the functions have default behaviors now if file is missing.
    * Deprecate DOM manipulation on the server.
    * Replaced recursivefiles() by getfiles().
    * Changed tokenize() input from path to content.
    * Added inline HTML hiding in code.php.
    * Added pre and post hashes with the 'git --full-index' option.
    * Added safety with one-time key generation upon installation.
    * Simplified installation compatibility check.
    * Split review.php into update.php and manual.php.
    * Added status.php to check page availability.
    * Reduced update.php.
    * Added Halstead Complexity Measure.
    * Split styles.css into code.css for developer-only styles.
    * Added CSS nesting for better intention declaration.
    * Added '.bat' file for starting the server in Windows file browser.
    * Moved filesystem checks to start.sh before server start.
    * Removed 'track' with the use of a lower similarity index threshold (15%), assuming highly orthogonal content.
    * Removed benchmark.php in favor for Web browser response analysis tools.

Version: 0.0.2.1
Base: 4a528a5d3bc1e3da2726d2ebc4cbc8f147260393a44111f1179d80736c2d6a63 chitch-2.patch
Author: bokuh
Date: 2025-03-02

    * Removed command line approach, since its implementation is platform dependent.
    * Added 'start' to start php webserver on static php binary.
    * Change Chitch deploy to use the (visual) web browser and file browser.

Version: 0.0.2
Base: c7d9a860a11e1ff000359674bf0b0cf4aee1e2d4af3cc0f056889a218d64e73a chitch-1-5.patch
Author: bokuh
Date: 2025-02-25

    * Added configuration for Language models and online development enviroment.
    * Improved Benchmarks utilizing Apache Bench
    * A diffing page is added with markup for repeating and moved lines.
    * Added 'track' file for tracking file moves.
    * Removed bunch of bokuh files.
    * Changed to inline head for development pages.
    * Changed head and foot from library functions to files to be included.
    * Added index.php for development.
    * Change library.php to a namespace, which has better support than the closure construct.
    * Changed uploads.php to be a library function.
    * Added 'Licensed under EUPL' to the top of files in accordance to the license.
    * Removed 'redistribute' function, it was a fine one.
    * Some early work on handling the '3 error types'.
    * Added summuation of the all the PHP tokens.
    * Added .htaccess file was added to enhance the shared hosting setup.
    * Changed the HTTPS to be mandatory in the 'author/' directory.
    * Changed news.php takes edge approach where the content is send wholly and compressed to the client which filters it with DOM manipulation. This because the bottleneck is assumed to be the rendering and not content size. It also only requires DOM library on the client and not server.
    * Added hex colors from r/place 2022.
    * hotreload.js is not so useful anymore with longer pages.
    * Added 'commands' file to be sourced with the shell to do some system checking and starting php server.

Version: 0.0.1.5
Base: dbe35d759e11eb8951e209128b9cfdb5c7eb307231142fe1613834ac905a54a7  chitch-1-4.patch
Author: bokuh
Date: 2025-02-14

    * Separated POST + exit from GET + echo into an interface and page file (specifically for traffic and chat).
    * New file structure for usage with shared hosting and setting docroot dynamically.
    * Move library.php to the same directory as the pages file so it can be included without relative paths, itself returning blank.
    * Using 'git --histogram' option for better readability.
    * Removed line endings autodetect for more compatibility (probably) when dealing with file-uploads from non-Linux systems.
    * Added code-coverage for library.php in reference.php.
    * Added disk analysis which calculates the wasted space in the storage blocks.
    * Added size display of the dependent binaries.

Version: 0.0.1.4
Base: 7b0cf336361d2869d5e479335a55ad264518edce6affbbb2494b110263b5d48d  chitch-1-3.patch
Author: bokuh
Date: 2025-02-07

    * Added EUPL license
    * Added backup feature, combining a human interface and API.
    * Removed unused files and directories.
    * Changed names of CSS and JS files.
    * Improved codebase stability (no file shuffling) for Git.
    * Trying fixed path ~/chitch/ for installation.
    * Added local mail() interception for testing.

Version: 0.0.1.3
Base: 39834271bfca5dc2752d177dac24e46e2b62968ab3a4f8942628bd5dab456b42  chitch-1-2.patch
Base: e32da1902a194e34410d5f220a46419c3b97dc698d83e9ada35a9e668ecea886  chitch-1-2-full.patch
Author: bokuh
Date: 2025-02-01

    * Changed to more generalized hosting setup

Version: 0.0.1.2
Base: 56af5d98845ca95b95206a6ba51920f9a518fbe5429432f35840c556c2599a9d  chitch-1-full.patch
Author: bokuh
Date: 2025-01-28

    * Added email-based login

Version: 0.0.1
Base: 91c54ee2343da5aad04f629cf89dca7b3f49f984687afe70b3362350a9452623  bokuh-8-full.patch
Author: bokuh
Date: 2025-01-27

Version 0.0.0.8
Base: 3cdea8bf6d253eeaa498780a4ed0c3b60c2bddccd01cc703da635e2d0ed2c0aa  bokuh-7-full.patch
Author: bokuh
Date: 2025-01-16

Version: 0.0.0.7
Base: 316ed201443d49a041b1c0c21d489f6d7289c4bfc4f134d316afda6d72fa7cee  bokuh-6-full.patch
Author: bokuh
Date: 2025-01-09

Version: 0.0.0.6
Base: d18368903d61b1ead159e3b6f61f3b0c1382475e81c516f146b794fe3024098b  bokuh-5-full.patch
Author: bokuh
Date: 2024-12-20

Version: 0.0.0.5
Base: 5c57eef2020bcb615ec634e499c9de77afda3affe2f8200c94a218cd782fd517  bokuh-4-full.patch
Author: bokuh
Date: 2024-12-10

Version: 0.0.0.4
Base: ef8cb2ee5939e32b520155d38c3b76b77908a0cce68977febeb29a62d184a175  bokuh-3-full.patch
Author: bokuh
Date: 2024-11-23

Version: 0.0.0.3
Base: f4ca4ec6ad7f6b0bdb8e5dfdd1a2f97b8d7b7db03e79dcfb31a090ffdd08ad5e  bokuh-2-full.patch
Author: bokuh
Date: 2024-11-19

Version: 0.0.0.2
Base: f092898cfbcba6766c22bb3db23ed7615a59225ef34ff0c9df486f4d56c1f901  bokuh-1-full.patch
Author: bokuh
Date: 2024-11-12

Version: 0.0.0.1
Author: bokuh
Date: 2024-11-04
